<?xml version="1.0" encoding="UTF-8"?>
<testsuite xmlns:xsi="http://www.w3.org/2001/XMLSchema-instance" xsi:noNamespaceSchemaLocation="https://maven.apache.org/surefire/maven-surefire-plugin/xsd/surefire-test-report-3.0.xsd" version="3.0" name="com.soda_equal_experts.AppTest" time="0.212" tests="5" errors="0" skipped="0" failures="0">
  <properties>
[...]
</properties>
  <testcase name="stepOneTest" classname="com.soda_equal_experts.AppTest" time="0.019"/>
  <testcase name="shouldAnswerWithTrue" classname="com.soda_equal_experts.AppTest" time="0"/>
  <testcase name="stepTwoTest" classname="com.soda_equal_experts.AppTest" time="0"/>
  <testcase name="stepZeroTest" classname="com.soda_equal_experts.AppTest" time="0"/>
  <testcase name="stepThreeTest" classname="com.soda_equal_experts.AppTest" time="0"/>
</testsuite>